0.50367218
0.40307271
0.28102317
-0.56073695
0.66438544
0.09514087
-0.02678905
0.26969942
0.06769706
-0.42535365
0.10346980
-0.07431380
-0.33198833
-0.08837863
-0.09338581
-0.04427166
-0.10845926
0.05468404
0.02817593
-0.05679693
0.17072253
0.11680929
0.02861052
0.13279042
0.21334134
-0.40466598
-0.22534692
0.19825721
0.27179268
-0.29440007
0.30975693
0.06581170
0.17886972
0.08069813
-0.33266646
0.10287687
-0.36818507
-0.02708342
-0.30755442
0.20172758
-0.13376319
0.01749301
0.41965976
-0.11465028
-0.22657017
-0.18411323
-0.03348498
0.04343522
0.09107485
-0.22572677
0.39411873
0.13370833
0.17856579
0.32969502
0.01321728
-0.06414659
-0.14989370
0.54919022
0.25963727
0.58614004
-0.24774466
0.25637680
-0.29863617
0.30610335
-0.42134368
0.10863397
-0.27333936
0.02235991
-0.23924717
-0.36915827
0.09975259
0.27897713
-0.08039769
0.28820917
0.00850613
-0.02876467
0.03413697
0.25419164
-0.33901361
0.05040614
-0.03506441
0.05404031
-0.09836560
0.04233309
-0.45345953
0.17880899
-0.31119546
0.11852527
0.05403761
0.24059775
-0.44426477
0.01573332
-0.31538525
0.28264409
0.47764632
0.17888695
0.15829900
-0.08808109
0.26287675
-0.29072714
